DEPRECATION WARNING: ActiveSupport.halt_callback_chains_on_return_false= is deprecated and will be removed in Rails 5.2. (called from <top (required)> at /Users/leoncalermo/posts/elasticsearch-rails-demo/config/initializers/new_framework_defaults.rb:21)
  [1m[35m (337.4ms)[0m  [1m[35mDROP DATABASE IF EXISTS "elasticsearch-rails-demo_development"[0m
  [1m[35m (140.3ms)[0m  [1m[35mDROP DATABASE IF EXISTS "elasticsearch-rails-demo_test"[0m
  [1m[35m (2444.6ms)[0m  [1m[35mCREATE DATABASE "elasticsearch-rails-demo_development" ENCODING = 'unicode'[0m
  [1m[35m (333.7ms)[0m  [1m[35mCREATE DATABASE "elasticsearch-rails-demo_test" ENCODING = 'unicode'[0m
  [1m[35m (125.9ms)[0m  [1m[35mCREATE TABLE "schema_migrations" ("version" character varying NOT NULL PRIMARY KEY)[0m
  [1m[35m (5.6ms)[0m  [1m[35mCREATE TABLE "ar_internal_metadata" ("key" character varying NOT NULL PRIMARY KEY, "value" character varying, "created_at" timestamp NOT NULL, "updated_at" timestamp NOT NULL)[0m
  [1m[35m (1.4ms)[0m  [1m[34mSELECT pg_try_advisory_lock(1038224832694732515)[0m
  [1m[35m (1.3ms)[0m  [1m[34mSELECT "schema_migrations"."version" FROM "schema_migrations" ORDER BY "schema_migrations"."version" ASC[0m
  [1m[36mActiveRecord::InternalMetadata Load (0.6ms)[0m  [1m[34mSELECT  "ar_internal_metadata".* FROM "ar_internal_metadata" WHERE "ar_internal_metadata"."key" = $1 LIMIT $2[0m  [["key", "environment"], ["LIMIT", 1]]
  [1m[35m (16.3ms)[0m  [1m[35mBEGIN[0m
  [1m[35mSQL (29.5ms)[0m  [1m[32mINSERT INTO "ar_internal_metadata" ("key", "value", "created_at", "updated_at") VALUES ($1, $2, $3, $4) RETURNING "key"[0m  [["key", "environment"], ["value", "development"], ["created_at", "2018-08-17 22:13:17.988423"], ["updated_at", "2018-08-17 22:13:17.988423"]]
  [1m[35m (11.7ms)[0m  [1m[35mCOMMIT[0m
  [1m[35m (1.1ms)[0m  [1m[34mSELECT pg_advisory_unlock(1038224832694732515)[0m
  [1m[35m (0.5ms)[0m  [1m[34mSELECT "schema_migrations"."version" FROM "schema_migrations" ORDER BY "schema_migrations"."version" ASC[0m
DEPRECATION WARNING: ActiveSupport.halt_callback_chains_on_return_false= is deprecated and will be removed in Rails 5.2. (called from <top (required)> at /Users/leoncalermo/posts/elasticsearch-rails-demo/config/initializers/new_framework_defaults.rb:21)
DEPRECATION WARNING: ActiveSupport.halt_callback_chains_on_return_false= is deprecated and will be removed in Rails 5.2. (called from <top (required)> at /home/lcalerno/posts/elasticsearch-rails-demo/config/initializers/new_framework_defaults.rb:21)
DEPRECATION WARNING: ActiveSupport.halt_callback_chains_on_return_false= is deprecated and will be removed in Rails 5.2. (called from <top (required)> at /home/lcalerno/posts/elasticsearch-rails-demo/config/initializers/new_framework_defaults.rb:21)
DEPRECATION WARNING: ActiveSupport.halt_callback_chains_on_return_false= is deprecated and will be removed in Rails 5.2. (called from <top (required)> at /home/lcalerno/posts/elasticsearch-rails-demo/config/initializers/new_framework_defaults.rb:21)
  [1m[35m (19.5ms)[0m  [1m[35mCREATE TABLE "schema_migrations" ("version" character varying NOT NULL PRIMARY KEY)[0m
  [1m[35m (12.6ms)[0m  [1m[35mCREATE TABLE "ar_internal_metadata" ("key" character varying NOT NULL PRIMARY KEY, "value" character varying, "created_at" timestamp NOT NULL, "updated_at" timestamp NOT NULL)[0m
  [1m[35m (0.2ms)[0m  [1m[34mSELECT pg_try_advisory_lock(1038224832694732515)[0m
  [1m[35m (0.3ms)[0m  [1m[34mSELECT "schema_migrations"."version" FROM "schema_migrations" ORDER BY "schema_migrations"."version" ASC[0m
Migrating to CreateKarateDojo (20180824130135)
  [1m[35m (0.2ms)[0m  [1m[35mBEGIN[0m
  [1m[35m (9.8ms)[0m  [1m[35mCREATE TABLE "karate_dojos" ("id" bigserial primary key, "name" character varying, "city" character varying, "activity_code" character varying, "category" character varying)[0m
  [1m[35mSQL (1.0ms)[0m  [1m[32mINSERT INTO "schema_migrations" ("version") VALUES ($1) RETURNING "version"[0m  [["version", "20180824130135"]]
  [1m[35m (1.6ms)[0m  [1m[35mCOMMIT[0m
  [1m[36mActiveRecord::InternalMetadata Load (0.2ms)[0m  [1m[34mSELECT  "ar_internal_metadata".* FROM "ar_internal_metadata" WHERE "ar_internal_metadata"."key" = $1 LIMIT $2[0m  [["key", "environment"], ["LIMIT", 1]]
  [1m[35m (0.1ms)[0m  [1m[35mBEGIN[0m
  [1m[35mSQL (0.3ms)[0m  [1m[32mINSERT INTO "ar_internal_metadata" ("key", "value", "created_at", "updated_at") VALUES ($1, $2, $3, $4) RETURNING "key"[0m  [["key", "environment"], ["value", "development"], ["created_at", "2018-08-24 22:35:07.475823"], ["updated_at", "2018-08-24 22:35:07.475823"]]
  [1m[35m (1.0ms)[0m  [1m[35mCOMMIT[0m
  [1m[35m (0.2ms)[0m  [1m[34mSELECT pg_advisory_unlock(1038224832694732515)[0m
  [1m[35m (0.3ms)[0m  [1m[34mSELECT "schema_migrations"."version" FROM "schema_migrations" ORDER BY "schema_migrations"."version" ASC[0m
  [1m[36mKarateDojo Load (0.3ms)[0m  [1m[34mSELECT  "karate_dojos".* FROM "karate_dojos" ORDER BY "karate_dojos"."id" DESC LIMIT $1[0m  [["LIMIT", 1]]
  [1m[35m (0.2ms)[0m  [1m[35mBEGIN[0m
  [1m[35mSQL (0.6ms)[0m  [1m[32mINSERT INTO "karate_dojos" ("name", "city", "activity_code", "category") VALUES ($1, $2, $3, $4) RETURNING "id"[0m  [["name", "Cobra Kai"], ["city", "pasadena"], ["activity_code", "3942"], ["category", "Teenagers"]]
  [1m[35m (1.0ms)[0m  [1m[35mCOMMIT[0m
  [1m[35m (11.4ms)[0m  [1m[35mBEGIN[0m
  [1m[35mSQL (6.4ms)[0m  [1m[32mINSERT INTO "karate_dojos" ("name", "city", "activity_code", "category") VALUES ($1, $2, $3, $4) RETURNING "id"[0m  [["name", "Cobra Kai"], ["city", "pasadena"], ["activity_code", "3942"], ["category", "Teenagers"]]
  [1m[35m (1.9ms)[0m  [1m[35mCOMMIT[0m
  [1m[35m (0.2ms)[0m  [1m[35mBEGIN[0m
  [1m[35mSQL (0.3ms)[0m  [1m[32mINSERT INTO "karate_dojos" ("name", "city", "activity_code", "category") VALUES ($1, $2, $3, $4) RETURNING "id"[0m  [["name", "Cobra Kai"], ["city", "pasadena"], ["activity_code", "3942"], ["category", "Teenagers"]]
  [1m[35m (1.0ms)[0m  [1m[35mCOMMIT[0m
  [1m[35m (0.2ms)[0m  [1m[35mBEGIN[0m
  [1m[35mSQL (0.5ms)[0m  [1m[32mINSERT INTO "karate_dojos" ("name", "city", "activity_code", "category") VALUES ($1, $2, $3, $4) RETURNING "id"[0m  [["name", "Cobra Kai"], ["city", "pasadena"], ["activity_code", "3942"], ["category", "Teenagers"]]
  [1m[35m (1.0ms)[0m  [1m[35mCOMMIT[0m
  [1m[36mKarateDojo Load (0.8ms)[0m  [1m[34mSELECT  "karate_dojos".* FROM "karate_dojos" ORDER BY "karate_dojos"."id" DESC LIMIT $1[0m  [["LIMIT", 3]]
  [1m[35m (0.2ms)[0m  [1m[35mBEGIN[0m
  [1m[35mSQL (0.6ms)[0m  [1m[33mUPDATE "karate_dojos" SET "name" = $1 WHERE "karate_dojos"."id" = $2[0m  [["name", "daniel san"], ["id", 2]]
  [1m[35m (1.1ms)[0m  [1m[35mCOMMIT[0m
  [1m[35m (0.2ms)[0m  [1m[35mBEGIN[0m
  [1m[35mSQL (0.8ms)[0m  [1m[33mUPDATE "karate_dojos" SET "name" = $1 WHERE "karate_dojos"."id" = $2[0m  [["name", "daniel san"], ["id", 3]]
  [1m[35m (1.1ms)[0m  [1m[35mCOMMIT[0m
  [1m[35m (0.1ms)[0m  [1m[35mBEGIN[0m
  [1m[35mSQL (0.3ms)[0m  [1m[33mUPDATE "karate_dojos" SET "name" = $1 WHERE "karate_dojos"."id" = $2[0m  [["name", "daniel san"], ["id", 4]]
  [1m[35m (0.9ms)[0m  [1m[35mCOMMIT[0m
  [1m[36mKarateDojo Load (0.3ms)[0m  [1m[34mSELECT  "karate_dojos".* FROM "karate_dojos" ORDER BY "karate_dojos"."id" DESC LIMIT $1[0m  [["LIMIT", 2]]
  [1m[35m (0.2ms)[0m  [1m[35mBEGIN[0m
  [1m[35mSQL (0.4ms)[0m  [1m[33mUPDATE "karate_dojos" SET "name" = $1 WHERE "karate_dojos"."id" = $2[0m  [["name", "miyagi dojo"], ["id", 3]]
  [1m[35m (1.0ms)[0m  [1m[35mCOMMIT[0m
  [1m[35m (0.2ms)[0m  [1m[35mBEGIN[0m
  [1m[35mSQL (0.3ms)[0m  [1m[33mUPDATE "karate_dojos" SET "name" = $1 WHERE "karate_dojos"."id" = $2[0m  [["name", "miyagi dojo"], ["id", 4]]
  [1m[35m (1.0ms)[0m  [1m[35mCOMMIT[0m
  [1m[36mKarateDojo Load (0.3ms)[0m  [1m[34mSELECT  "karate_dojos".* FROM "karate_dojos" ORDER BY "karate_dojos"."id" DESC LIMIT $1[0m  [["LIMIT", 1]]
  [1m[35m (0.2ms)[0m  [1m[35mBEGIN[0m
  [1m[35mSQL (0.3ms)[0m  [1m[33mUPDATE "karate_dojos" SET "name" = $1 WHERE "karate_dojos"."id" = $2[0m  [["name", "la hermandad de acero"], ["id", 4]]
  [1m[35m (0.9ms)[0m  [1m[35mCOMMIT[0m
DEPRECATION WARNING: ActiveSupport.halt_callback_chains_on_return_false= is deprecated and will be removed in Rails 5.2. (called from <top (required)> at /home/lcalerno/posts/elasticsearch-rails-demo/config/initializers/new_framework_defaults.rb:21)
  [1m[36mKarateDojo Load (2.1ms)[0m  [1m[34mSELECT  "karate_dojos".* FROM "karate_dojos" ORDER BY "karate_dojos"."id" ASC LIMIT $1[0m  [["LIMIT", 1000]]
